build/app/intermediates/manifest_merge_blame_file/debug/manifest-merger-blame-debug-report.txt
1<?xml version="1.0" encoding="utf-8"?>
2<manifest xmlns:android="http://schemas.android.com/apk/res/android"
3    package="com.example.youtube_ecommerce"
4    android:versionCode="1"
5    android:versionName="1.0.0" >
6
7    <uses-sdk
8        android:minSdkVersion="21"
9        android:targetSdkVersion="33" />
10    <!--
11         The INTERNET permission is required for development. Specifically,
12         the Flutter tool needs it to communicate with the running application
13         to allow setting breakpoints, to provide hot reload, etc.
14    -->
15    <uses-permission android:name="android.permission.INTERNET" />
15-->src\debug\AndroidManifest.xml:7:5-66
15-->src\debug\AndroidManifest.xml:7:22-64
16    <uses-permission android:name="android.permission.WAKE_LOCK" />
16-->[:firebase_messaging] AndroidManifest.xml:10:5-68
16-->[:firebase_messaging] AndroidManifest.xml:10:22-65
17    <uses-permission android:name="android.permission.ACCESS_NETWORK_STATE" /> <!-- Permissions options for the `notification` group -->
17-->[:firebase_messaging] AndroidManifest.xml:11:5-79
17-->[:firebase_messaging] AndroidManifest.xml:11:22-76
18    <uses-permission android:name="android.permission.POST_NOTIFICATIONS" /> <!-- See https://developer.android.com/training/package-visibility/declaring for more details. -->
18-->[:firebase_messaging] AndroidManifest.xml:13:5-77
18-->[:firebase_messaging] AndroidManifest.xml:13:22-74
19    <queries>
19-->[com.stripe:payments-core:20.19.5] AndroidManifest.xml:8:5-12:15
20
21        <!-- Added to check if Chrome is installed for browser-based payment authentication (e.g. 3DS1). -->
22        <package android:name="com.android.chrome" />
22-->[com.stripe:payments-core:20.19.5] AndroidManifest.xml:11:9-54
22-->[com.stripe:payments-core:20.19.5] AndroidManifest.xml:11:18-51
23        <!-- Added to check the default browser that will host the AuthFlow. -->
24        <intent>
24-->[com.stripe:financial-connections:20.19.5] AndroidManifest.xml:13:9-17:18
25            <action android:name="android.intent.action.VIEW" />
25-->[com.stripe:payments-core:20.19.5] AndroidManifest.xml:52:17-69
25-->[com.stripe:payments-core:20.19.5] AndroidManifest.xml:52:25-66
26
27            <data android:scheme="http" />
27-->[com.stripe:payments-core:20.19.5] AndroidManifest.xml:58:17-61:50
27-->[com.stripe:payments-core:20.19.5] AndroidManifest.xml:61:21-47
28        </intent> <!-- Needs to be explicitly declared on Android R+ -->
29        <package android:name="com.google.android.apps.maps" />
29-->[com.google.android.gms:play-services-maps:18.0.2] AndroidManifest.xml:33:9-64
29-->[com.google.android.gms:play-services-maps:18.0.2] AndroidManifest.xml:33:18-61
30    </queries> <!-- Required by older versions of Google Play services to create IID tokens -->
31    <uses-permission android:name="com.google.android.c2dm.permission.RECEIVE" />
31-->[com.google.firebase:firebase-iid:21.1.0] AndroidManifest.xml:26:5-82
31-->[com.google.firebase:firebase-iid:21.1.0] AndroidManifest.xml:26:22-79
32    <uses-permission android:name="com.google.android.gms.permission.AD_ID" />
32-->[com.google.android.gms:play-services-measurement-api:21.2.1] AndroidManifest.xml:25:5-79
32-->[com.google.android.gms:play-services-measurement-api:21.2.1] AndroidManifest.xml:25:22-76
33
34    <uses-feature
34-->[com.google.android.gms:play-services-maps:18.0.2] AndroidManifest.xml:26:5-28:35
35        android:glEsVersion="0x00020000"
35-->[com.google.android.gms:play-services-maps:18.0.2] AndroidManifest.xml:27:9-41
36        android:required="true" />
36-->[com.google.android.gms:play-services-maps:18.0.2] AndroidManifest.xml:28:9-32
37
38    <uses-permission android:name="com.google.android.finsky.permission.BIND_GET_INSTALL_REFERRER_SERVICE" />
38-->[com.google.android.gms:play-services-measurement:21.2.1] AndroidManifest.xml:26:5-110
38-->[com.google.android.gms:play-services-measurement:21.2.1] AndroidManifest.xml:26:22-107
39
40    <permission
40-->[androidx.core:core:1.9.0] AndroidManifest.xml:22:5-24:47
41        android:name="com.example.youtube_ecommerce.DYNAMIC_RECEIVER_NOT_EXPORTED_PERMISSION"
41-->[androidx.core:core:1.9.0] AndroidManifest.xml:23:9-81
42        android:protectionLevel="signature" />
42-->[androidx.core:core:1.9.0] AndroidManifest.xml:24:9-44
43
44    <uses-permission android:name="com.example.youtube_ecommerce.DYNAMIC_RECEIVER_NOT_EXPORTED_PERMISSION" />
44-->[androidx.core:core:1.9.0] AndroidManifest.xml:26:5-97
44-->[androidx.core:core:1.9.0] AndroidManifest.xml:26:22-94
45
46    <application
47        android:name="android.app.Application"
48        android:appComponentFactory="androidx.core.app.CoreComponentFactory"
48-->[androidx.core:core:1.9.0] AndroidManifest.xml:28:18-86
49        android:debuggable="true"
50        android:icon="@mipmap/ic_launcher"
51        android:label="Youtube Ecommerce" >
52        <activity
53            android:name="com.example.youtube_ecommerce.MainActivity"
54            android:configChanges="orientation|keyboardHidden|keyboard|screenSize|smallestScreenSize|locale|layoutDirection|fontScale|screenLayout|density|uiMode"
55            android:exported="true"
56            android:hardwareAccelerated="true"
57            android:launchMode="singleTop"
58            android:theme="@style/Theme.AppCompat.Light"
59            android:windowSoftInputMode="adjustResize" >
60
61            <!--
62                 Specifies an Android theme to apply to this Activity as soon as
63                 the Android process has started. This theme is visible to the user
64                 while the Flutter UI initializes. After that, this theme continues
65                 to determine the Window background behind the Flutter UI.
66            -->
67            <meta-data
68                android:name="io.flutter.embedding.android.NormalTheme"
69                android:resource="@style/NormalTheme" />
70
71            <intent-filter>
72                <action android:name="android.intent.action.MAIN" />
73
74                <category android:name="android.intent.category.LAUNCHER" />
75            </intent-filter>
76        </activity>
77        <!--
78             Don't delete the meta-data below.
79             This is used by the Flutter tool to generate GeneratedPluginRegistrant.java
80        -->
81        <meta-data
82            android:name="flutterEmbedding"
83            android:value="2" />
84
85        <service
85-->[:firebase_auth] AndroidManifest.xml:10:9-14:19
86            android:name="com.google.firebase.components.ComponentDiscoveryService"
86-->[:firebase_auth] AndroidManifest.xml:10:18-89
87            android:directBootAware="true"
87-->[com.google.firebase:firebase-common:20.3.2] AndroidManifest.xml:34:13-43
88            android:exported="false" >
88-->[com.google.firebase:firebase-analytics-ktx:21.2.1] AndroidManifest.xml:10:13-37
89            <meta-data
89-->[:firebase_auth] AndroidManifest.xml:11:13-13:85
90                android:name="com.google.firebase.components:io.flutter.plugins.firebase.auth.FlutterFirebaseAuthRegistrar"
90-->[:firebase_auth] AndroidManifest.xml:12:17-124
91                android:value="com.google.firebase.components.ComponentRegistrar" />
91-->[:firebase_auth] AndroidManifest.xml:13:17-82
92            <meta-data
92-->[:firebase_storage] AndroidManifest.xml:11:13-13:85
93                android:name="com.google.firebase.components:io.flutter.plugins.firebase.storage.FlutterFirebaseAppRegistrar"
93-->[:firebase_storage] AndroidManifest.xml:12:17-126
94                android:value="com.google.firebase.components.ComponentRegistrar" />
94-->[:firebase_storage] AndroidManifest.xml:13:17-82
95            <meta-data
95-->[:cloud_firestore] AndroidManifest.xml:11:13-13:85
96                android:name="com.google.firebase.components:io.flutter.plugins.firebase.firestore.FlutterFirebaseFirestoreRegistrar"
96-->[:cloud_firestore] AndroidManifest.xml:12:17-134
97                android:value="com.google.firebase.components.ComponentRegistrar" />
97-->[:cloud_firestore] AndroidManifest.xml:13:17-82
98            <meta-data
98-->[:firebase_messaging] AndroidManifest.xml:38:13-40:85
99                android:name="com.google.firebase.components:io.flutter.plugins.firebase.messaging.FlutterFirebaseAppRegistrar"
99-->[:firebase_messaging] AndroidManifest.xml:39:17-128
100                android:value="com.google.firebase.components.ComponentRegistrar" />
100-->[:firebase_messaging] AndroidManifest.xml:40:17-82
101            <meta-data
101-->[:firebase_core] AndroidManifest.xml:11:13-13:85
102                android:name="com.google.firebase.components:io.flutter.plugins.firebase.core.FlutterFirebaseCoreRegistrar"
102-->[:firebase_core] AndroidManifest.xml:12:17-124
103                android:value="com.google.firebase.components.ComponentRegistrar" />
103-->[:firebase_core] AndroidManifest.xml:13:17-82
104            <meta-data
104-->[com.google.firebase:firebase-analytics-ktx:21.2.1] AndroidManifest.xml:11:13-13:85
105                android:name="com.google.firebase.components:com.google.firebase.analytics.ktx.FirebaseAnalyticsKtxRegistrar"
105-->[com.google.firebase:firebase-analytics-ktx:21.2.1] AndroidManifest.xml:12:17-126
106                android:value="com.google.firebase.components.ComponentRegistrar" />
106-->[com.google.firebase:firebase-analytics-ktx:21.2.1] AndroidManifest.xml:13:17-82
107            <meta-data
107-->[com.google.firebase:firebase-auth:21.2.0] AndroidManifest.xml:69:13-71:85
108                android:name="com.google.firebase.components:com.google.firebase.auth.FirebaseAuthRegistrar"
108-->[com.google.firebase:firebase-auth:21.2.0] AndroidManifest.xml:70:17-109
109                android:value="com.google.firebase.components.ComponentRegistrar" />
109-->[com.google.firebase:firebase-auth:21.2.0] AndroidManifest.xml:71:17-82
110            <meta-data
110-->[com.google.firebase:firebase-storage:20.1.0] AndroidManifest.xml:32:13-34:85
111                android:name="com.google.firebase.components:com.google.firebase.storage.StorageRegistrar"
111-->[com.google.firebase:firebase-storage:20.1.0] AndroidManifest.xml:33:17-107
112                android:value="com.google.firebase.components.ComponentRegistrar" />
112-->[com.google.firebase:firebase-storage:20.1.0] AndroidManifest.xml:34:17-82
113            <meta-data
113-->[com.google.firebase:firebase-firestore:24.4.5] AndroidManifest.xml:19:13-21:85
114                android:name="com.google.firebase.components:com.google.firebase.firestore.FirestoreRegistrar"
114-->[com.google.firebase:firebase-firestore:24.4.5] AndroidManifest.xml:20:17-111
115                android:value="com.google.firebase.components.ComponentRegistrar" />
115-->[com.google.firebase:firebase-firestore:24.4.5] AndroidManifest.xml:21:17-82
116            <meta-data
116-->[com.google.firebase:firebase-iid:21.1.0] AndroidManifest.xml:32:13-34:85
117                android:name="com.google.firebase.components:com.google.firebase.iid.Registrar"
117-->[com.google.firebase:firebase-iid:21.1.0] AndroidManifest.xml:33:17-96
118                android:value="com.google.firebase.components.ComponentRegistrar" />
118-->[com.google.firebase:firebase-iid:21.1.0] AndroidManifest.xml:34:17-82
119            <meta-data
119-->[com.google.firebase:firebase-messaging:23.1.2] AndroidManifest.xml:55:13-57:85
120                android:name="com.google.firebase.components:com.google.firebase.messaging.FirebaseMessagingRegistrar"
120-->[com.google.firebase:firebase-messaging:23.1.2] AndroidManifest.xml:56:17-119
121                android:value="com.google.firebase.components.ComponentRegistrar" />
121-->[com.google.firebase:firebase-messaging:23.1.2] AndroidManifest.xml:57:17-82
122            <meta-data
122-->[com.google.firebase:firebase-common-ktx:20.3.2] AndroidManifest.xml:14:13-16:85
123                android:name="com.google.firebase.components:com.google.firebase.ktx.FirebaseCommonKtxRegistrar"
123-->[com.google.firebase:firebase-common-ktx:20.3.2] AndroidManifest.xml:15:17-113
124                android:value="com.google.firebase.components.ComponentRegistrar" />
124-->[com.google.firebase:firebase-common-ktx:20.3.2] AndroidManifest.xml:16:17-82
125            <meta-data
125-->[com.google.android.gms:play-services-measurement-api:21.2.1] AndroidManifest.xml:31:13-33:85
126                android:name="com.google.firebase.components:com.google.firebase.analytics.connector.internal.AnalyticsConnectorRegistrar"
126-->[com.google.android.gms:play-services-measurement-api:21.2.1] AndroidManifest.xml:32:17-139
127                android:value="com.google.firebase.components.ComponentRegistrar" />
127-->[com.google.android.gms:play-services-measurement-api:21.2.1] AndroidManifest.xml:33:17-82
128            <meta-data
128-->[com.google.firebase:firebase-installations:17.1.3] AndroidManifest.xml:17:13-19:85
129                android:name="com.google.firebase.components:com.google.firebase.installations.FirebaseInstallationsRegistrar"
129-->[com.google.firebase:firebase-installations:17.1.3] AndroidManifest.xml:18:17-127
130                android:value="com.google.firebase.components.ComponentRegistrar" />
130-->[com.google.firebase:firebase-installations:17.1.3] AndroidManifest.xml:19:17-82
131            <meta-data
131-->[com.google.firebase:firebase-datatransport:18.1.7] AndroidManifest.xml:27:13-29:85
132                android:name="com.google.firebase.components:com.google.firebase.datatransport.TransportRegistrar"
132-->[com.google.firebase:firebase-datatransport:18.1.7] AndroidManifest.xml:28:17-115
133                android:value="com.google.firebase.components.ComponentRegistrar" />
133-->[com.google.firebase:firebase-datatransport:18.1.7] AndroidManifest.xml:29:17-82
134        </service>
135        <service
135-->[:firebase_messaging] AndroidManifest.xml:16:9-19:72
136            android:name="io.flutter.plugins.firebase.messaging.FlutterFirebaseMessagingBackgroundService"
136-->[:firebase_messaging] AndroidManifest.xml:17:13-107
137            android:exported="false"
137-->[:firebase_messaging] AndroidManifest.xml:18:13-37
138            android:permission="android.permission.BIND_JOB_SERVICE" />
138-->[:firebase_messaging] AndroidManifest.xml:19:13-69
139        <service
139-->[:firebase_messaging] AndroidManifest.xml:20:9-26:19
140            android:name="io.flutter.plugins.firebase.messaging.FlutterFirebaseMessagingService"
140-->[:firebase_messaging] AndroidManifest.xml:21:13-97
141            android:exported="false" >
141-->[:firebase_messaging] AndroidManifest.xml:22:13-37
142            <intent-filter>
142-->[:firebase_messaging] AndroidManifest.xml:23:13-25:29
143                <action android:name="com.google.firebase.MESSAGING_EVENT" />
143-->[:firebase_messaging] AndroidManifest.xml:24:17-78
143-->[:firebase_messaging] AndroidManifest.xml:24:25-75
144            </intent-filter>
145        </service>
146
147        <receiver
147-->[:firebase_messaging] AndroidManifest.xml:28:9-35:20
148            android:name="io.flutter.plugins.firebase.messaging.FlutterFirebaseMessagingReceiver"
148-->[:firebase_messaging] AndroidManifest.xml:29:13-98
149            android:exported="true"
149-->[:firebase_messaging] AndroidManifest.xml:30:13-36
150            android:permission="com.google.android.c2dm.permission.SEND" >
150-->[:firebase_messaging] AndroidManifest.xml:31:13-73
151            <intent-filter>
151-->[:firebase_messaging] AndroidManifest.xml:32:13-34:29
152                <action android:name="com.google.android.c2dm.intent.RECEIVE" />
152-->[:firebase_messaging] AndroidManifest.xml:33:17-81
152-->[:firebase_messaging] AndroidManifest.xml:33:25-78
153            </intent-filter>
154        </receiver>
155
156        <provider
156-->[:firebase_messaging] AndroidManifest.xml:43:9-47:38
157            android:name="io.flutter.plugins.firebase.messaging.FlutterFirebaseMessagingInitProvider"
157-->[:firebase_messaging] AndroidManifest.xml:44:13-102
158            android:authorities="com.example.youtube_ecommerce.flutterfirebasemessaginginitprovider"
158-->[:firebase_messaging] AndroidManifest.xml:45:13-88
159            android:exported="false"
159-->[:firebase_messaging] AndroidManifest.xml:46:13-37
160            android:initOrder="99" />
160-->[:firebase_messaging] AndroidManifest.xml:47:13-35
161        <provider
161-->[:image_picker_android] AndroidManifest.xml:10:9-18:20
162            android:name="io.flutter.plugins.imagepicker.ImagePickerFileProvider"
162-->[:image_picker_android] AndroidManifest.xml:11:13-82
163            android:authorities="com.example.youtube_ecommerce.flutter.image_provider"
163-->[:image_picker_android] AndroidManifest.xml:12:13-74
164            android:exported="false"
164-->[:image_picker_android] AndroidManifest.xml:13:13-37
165            android:grantUriPermissions="true" >
165-->[:image_picker_android] AndroidManifest.xml:14:13-47
166            <meta-data
166-->[:image_picker_android] AndroidManifest.xml:15:13-17:75
167                android:name="android.support.FILE_PROVIDER_PATHS"
167-->[:image_picker_android] AndroidManifest.xml:16:17-67
168                android:resource="@xml/flutter_image_picker_file_paths" />
168-->[:image_picker_android] AndroidManifest.xml:17:17-72
169        </provider>
170
171        <activity
171-->[com.stripe:paymentsheet:20.19.5] AndroidManifest.xml:8:9-12:58
172            android:name="com.stripe.android.paymentsheet.PaymentSheetActivity"
172-->[com.stripe:paymentsheet:20.19.5] AndroidManifest.xml:9:13-80
173            android:exported="false"
173-->[com.stripe:paymentsheet:20.19.5] AndroidManifest.xml:10:13-37
174            android:theme="@style/StripePaymentSheetDefaultTheme"
174-->[com.stripe:paymentsheet:20.19.5] AndroidManifest.xml:11:13-66
175            android:windowSoftInputMode="adjustResize" />
175-->[com.stripe:paymentsheet:20.19.5] AndroidManifest.xml:12:13-55
176        <activity
176-->[com.stripe:paymentsheet:20.19.5] AndroidManifest.xml:13:9-17:58
177            android:name="com.stripe.android.paymentsheet.PaymentOptionsActivity"
177-->[com.stripe:paymentsheet:20.19.5] AndroidManifest.xml:14:13-82
178            android:exported="false"
178-->[com.stripe:paymentsheet:20.19.5] AndroidManifest.xml:15:13-37
179            android:theme="@style/StripePaymentSheetDefaultTheme"
179-->[com.stripe:paymentsheet:20.19.5] AndroidManifest.xml:16:13-66
180            android:windowSoftInputMode="adjustResize" />
180-->[com.stripe:paymentsheet:20.19.5] AndroidManifest.xml:17:13-55
181        <activity
181-->[com.stripe:paymentsheet:20.19.5] AndroidManifest.xml:18:9-21:69
182            android:name="com.stripe.android.paymentsheet.addresselement.AddressElementActivity"
182-->[com.stripe:paymentsheet:20.19.5] AndroidManifest.xml:19:13-97
183            android:exported="false"
183-->[com.stripe:paymentsheet:20.19.5] AndroidManifest.xml:20:13-37
184            android:theme="@style/StripePaymentSheetDefaultTheme" />
184-->[com.stripe:paymentsheet:20.19.5] AndroidManifest.xml:21:13-66
185        <activity
185-->[com.stripe:paymentsheet:20.19.5] AndroidManifest.xml:22:9-25:69
186            android:name="com.stripe.android.paymentsheet.paymentdatacollection.polling.PollingActivity"
186-->[com.stripe:paymentsheet:20.19.5] AndroidManifest.xml:23:13-105
187            android:exported="false"
187-->[com.stripe:paymentsheet:20.19.5] AndroidManifest.xml:24:13-37
188            android:theme="@style/StripePaymentSheetDefaultTheme" />
188-->[com.stripe:paymentsheet:20.19.5] AndroidManifest.xml:25:13-66
189        <activity
189-->[com.stripe:link:20.19.5] AndroidManifest.xml:8:9-13:58
190            android:name="com.stripe.android.link.LinkActivity"
190-->[com.stripe:link:20.19.5] AndroidManifest.xml:9:13-64
191            android:exported="false"
191-->[com.stripe:link:20.19.5] AndroidManifest.xml:10:13-37
192            android:label="@string/link"
192-->[com.stripe:link:20.19.5] AndroidManifest.xml:11:13-41
193            android:theme="@style/LinkBaseTheme"
193-->[com.stripe:link:20.19.5] AndroidManifest.xml:12:13-49
194            android:windowSoftInputMode="adjustResize" />
194-->[com.stripe:link:20.19.5] AndroidManifest.xml:13:13-55
195        <activity
195-->[com.stripe:payments-ui-core:20.19.5] AndroidManifest.xml:8:9-11:69
196            android:name="com.stripe.android.ui.core.cardscan.CardScanActivity"
196-->[com.stripe:payments-ui-core:20.19.5] AndroidManifest.xml:9:13-80
197            android:exported="false"
197-->[com.stripe:payments-ui-core:20.19.5] AndroidManifest.xml:10:13-37
198            android:theme="@style/StripePaymentSheetDefaultTheme" />
198-->[com.stripe:payments-ui-core:20.19.5] AndroidManifest.xml:11:13-66
199        <activity
199-->[com.stripe:payments-core:20.19.5] AndroidManifest.xml:15:9-18:57
200            android:name="com.stripe.android.view.AddPaymentMethodActivity"
200-->[com.stripe:payments-core:20.19.5] AndroidManifest.xml:16:13-76
201            android:exported="false"
201-->[com.stripe:payments-core:20.19.5] AndroidManifest.xml:17:13-37
202            android:theme="@style/StripeDefaultTheme" />
202-->[com.stripe:payments-core:20.19.5] AndroidManifest.xml:18:13-54
203        <activity
203-->[com.stripe:payments-core:20.19.5] AndroidManifest.xml:19:9-22:57
204            android:name="com.stripe.android.view.PaymentMethodsActivity"
204-->[com.stripe:payments-core:20.19.5] AndroidManifest.xml:20:13-74
205            android:exported="false"
205-->[com.stripe:payments-core:20.19.5] AndroidManifest.xml:21:13-37
206            android:theme="@style/StripeDefaultTheme" />
206-->[com.stripe:payments-core:20.19.5] AndroidManifest.xml:22:13-54
207        <activity
207-->[com.stripe:payments-core:20.19.5] AndroidManifest.xml:23:9-26:57
208            android:name="com.stripe.android.view.PaymentFlowActivity"
208-->[com.stripe:payments-core:20.19.5] AndroidManifest.xml:24:13-71
209            android:exported="false"
209-->[com.stripe:payments-core:20.19.5] AndroidManifest.xml:25:13-37
210            android:theme="@style/StripeDefaultTheme" />
210-->[com.stripe:payments-core:20.19.5] AndroidManifest.xml:26:13-54
211        <activity
211-->[com.stripe:payments-core:20.19.5] AndroidManifest.xml:27:9-31:58
212            android:name="com.stripe.android.view.PaymentAuthWebViewActivity"
212-->[com.stripe:payments-core:20.19.5] AndroidManifest.xml:28:13-78
213            android:exported="false"
213-->[com.stripe:payments-core:20.19.5] AndroidManifest.xml:29:13-37
214            android:theme="@style/StripeDefaultTheme"
214-->[com.stripe:payments-core:20.19.5] AndroidManifest.xml:30:13-54
215            android:windowSoftInputMode="adjustResize" />
215-->[com.stripe:payments-core:20.19.5] AndroidManifest.xml:31:13-55
216        <activity
216-->[com.stripe:payments-core:20.19.5] AndroidManifest.xml:32:9-35:61
217            android:name="com.stripe.android.view.PaymentRelayActivity"
217-->[com.stripe:payments-core:20.19.5] AndroidManifest.xml:33:13-72
218            android:exported="false"
218-->[com.stripe:payments-core:20.19.5] AndroidManifest.xml:34:13-37
219            android:theme="@style/StripeTransparentTheme" />
219-->[com.stripe:payments-core:20.19.5] AndroidManifest.xml:35:13-58
220        <!--
221        Set android:launchMode="singleTop" so that the StripeBrowserLauncherActivity instance that
222        launched the browser Activity will also handle the return URL deep link.
223        -->
224        <activity
224-->[com.stripe:payments-core:20.19.5] AndroidManifest.xml:41:9-45:61
225            android:name="com.stripe.android.payments.StripeBrowserLauncherActivity"
225-->[com.stripe:payments-core:20.19.5] AndroidManifest.xml:42:13-85
226            android:exported="false"
226-->[com.stripe:payments-core:20.19.5] AndroidManifest.xml:43:13-37
227            android:launchMode="singleTask"
227-->[com.stripe:payments-core:20.19.5] AndroidManifest.xml:44:13-44
228            android:theme="@style/StripeTransparentTheme" />
228-->[com.stripe:payments-core:20.19.5] AndroidManifest.xml:45:13-58
229        <activity
229-->[com.stripe:payments-core:20.19.5] AndroidManifest.xml:46:9-63:20
230            android:name="com.stripe.android.payments.StripeBrowserProxyReturnActivity"
230-->[com.stripe:payments-core:20.19.5] AndroidManifest.xml:47:13-88
231            android:exported="true"
231-->[com.stripe:payments-core:20.19.5] AndroidManifest.xml:48:13-36
232            android:launchMode="singleTask"
232-->[com.stripe:payments-core:20.19.5] AndroidManifest.xml:49:13-44
233            android:theme="@style/StripeTransparentTheme" >
233-->[com.stripe:payments-core:20.19.5] AndroidManifest.xml:50:13-58
234            <intent-filter>
234-->[com.stripe:payments-core:20.19.5] AndroidManifest.xml:51:13-62:29
235                <action android:name="android.intent.action.VIEW" />
235-->[com.stripe:payments-core:20.19.5] AndroidManifest.xml:52:17-69
235-->[com.stripe:payments-core:20.19.5] AndroidManifest.xml:52:25-66
236
237                <category android:name="android.intent.category.DEFAULT" />
237-->[com.stripe:payments-core:20.19.5] AndroidManifest.xml:54:17-76
237-->[com.stripe:payments-core:20.19.5] AndroidManifest.xml:54:27-73
238                <category android:name="android.intent.category.BROWSABLE" />
238-->[com.stripe:payments-core:20.19.5] AndroidManifest.xml:55:17-78
238-->[com.stripe:payments-core:20.19.5] AndroidManifest.xml:55:27-75
239
240                <!-- Must match `DefaultReturnUrl#value`. -->
241                <data
241-->[com.stripe:payments-core:20.19.5] AndroidManifest.xml:58:17-61:50
242                    android:host="payment_return_url"
242-->[com.stripe:payments-core:20.19.5] AndroidManifest.xml:59:21-54
243                    android:path="/com.example.youtube_ecommerce"
243-->[com.stripe:payments-core:20.19.5] AndroidManifest.xml:60:21-53
244                    android:scheme="stripesdk" />
244-->[com.stripe:payments-core:20.19.5] AndroidManifest.xml:61:21-47
245            </intent-filter>
246        </activity>
247        <activity
247-->[com.stripe:payments-core:20.19.5] AndroidManifest.xml:64:9-67:57
248            android:name="com.stripe.android.payments.core.authentication.threeds2.Stripe3ds2TransactionActivity"
248-->[com.stripe:payments-core:20.19.5] AndroidManifest.xml:65:13-114
249            android:exported="false"
249-->[com.stripe:payments-core:20.19.5] AndroidManifest.xml:66:13-37
250            android:theme="@style/StripeDefaultTheme" />
250-->[com.stripe:payments-core:20.19.5] AndroidManifest.xml:67:13-54
251        <activity
251-->[com.stripe:payments-core:20.19.5] AndroidManifest.xml:68:9-71:66
252            android:name="com.stripe.android.googlepaylauncher.StripeGooglePayActivity"
252-->[com.stripe:payments-core:20.19.5] AndroidManifest.xml:69:13-88
253            android:exported="false"
253-->[com.stripe:payments-core:20.19.5] AndroidManifest.xml:70:13-37
254            android:theme="@style/StripeGooglePayDefaultTheme" />
254-->[com.stripe:payments-core:20.19.5] AndroidManifest.xml:71:13-63
255        <activity
255-->[com.stripe:payments-core:20.19.5] AndroidManifest.xml:72:9-75:66
256            android:name="com.stripe.android.googlepaylauncher.GooglePayLauncherActivity"
256-->[com.stripe:payments-core:20.19.5] AndroidManifest.xml:73:13-90
257            android:exported="false"
257-->[com.stripe:payments-core:20.19.5] AndroidManifest.xml:74:13-37
258            android:theme="@style/StripeGooglePayDefaultTheme" />
258-->[com.stripe:payments-core:20.19.5] AndroidManifest.xml:75:13-63
259        <activity
259-->[com.stripe:payments-core:20.19.5] AndroidManifest.xml:76:9-79:66
260            android:name="com.stripe.android.googlepaylauncher.GooglePayPaymentMethodLauncherActivity"
260-->[com.stripe:payments-core:20.19.5] AndroidManifest.xml:77:13-103
261            android:exported="false"
261-->[com.stripe:payments-core:20.19.5] AndroidManifest.xml:78:13-37
262            android:theme="@style/StripeGooglePayDefaultTheme" />
262-->[com.stripe:payments-core:20.19.5] AndroidManifest.xml:79:13-63
263        <activity
263-->[com.stripe:payments-core:20.19.5] AndroidManifest.xml:80:9-83:62
264            android:name="com.stripe.android.payments.paymentlauncher.PaymentLauncherConfirmationActivity"
264-->[com.stripe:payments-core:20.19.5] AndroidManifest.xml:81:13-107
265            android:exported="false"
265-->[com.stripe:payments-core:20.19.5] AndroidManifest.xml:82:13-37
266            android:theme="@style/PayLauncherDefaultTheme" />
266-->[com.stripe:payments-core:20.19.5] AndroidManifest.xml:83:13-59
267        <activity
267-->[com.stripe:payments-core:20.19.5] AndroidManifest.xml:84:9-87:61
268            android:name="com.stripe.android.payments.bankaccount.ui.CollectBankAccountActivity"
268-->[com.stripe:payments-core:20.19.5] AndroidManifest.xml:85:13-97
269            android:exported="false"
269-->[com.stripe:payments-core:20.19.5] AndroidManifest.xml:86:13-37
270            android:theme="@style/StripeTransparentTheme" />
270-->[com.stripe:payments-core:20.19.5] AndroidManifest.xml:87:13-58
271        <activity
271-->[com.google.firebase:firebase-auth:21.2.0] AndroidManifest.xml:29:9-46:20
272            android:name="com.google.firebase.auth.internal.GenericIdpActivity"
272-->[com.google.firebase:firebase-auth:21.2.0] AndroidManifest.xml:30:13-80
273            android:excludeFromRecents="true"
273-->[com.google.firebase:firebase-auth:21.2.0] AndroidManifest.xml:31:13-46
274            android:exported="true"
274-->[com.google.firebase:firebase-auth:21.2.0] AndroidManifest.xml:32:13-36
275            android:launchMode="singleTask"
275-->[com.google.firebase:firebase-auth:21.2.0] AndroidManifest.xml:33:13-44
276            android:theme="@android:style/Theme.Translucent.NoTitleBar" >